<?xml version="1.0" encoding="UTF-8"?>
<testsuite xmlns:xsi="http://www.w3.org/2001/XMLSchema-instance" xsi:noNamespaceSchemaLocation="https://maven.apache.org/surefire/maven-surefire-plugin/xsd/surefire-test-report-3.0.xsd" version="3.0" name="com.projeto.thymeleaf.basicintegrationthymeleafmvc.BasicIntegrationThymeleafMvcApplicationTests" time="9.813" tests="1" errors="0" skipped="0" failures="0">
  <properties>
[...]
</properties>
  <testcase name="contextLoads" classname="com.projeto.thymeleaf.basicintegrationthymeleafmvc.BasicIntegrationThymeleafMvcApplicationTests" time="1.487">
    <system-out><![CDATA[17:49:38.035 [main] INFO org.springframework.test.context.support.AnnotationConfigContextLoaderUtils -- Could not detect default configuration classes for test class [com.projeto.thymeleaf.basicintegrationthymeleafmvc.BasicIntegrationThymeleafMvcApplicationTests]: BasicIntegrationThymeleafMvcApplicationTests does not declare any static, non-private, non-final, nested classes annotated with @Configuration.
17:49:38.246 [main] INFO org.springframework.boot.test.context.SpringBootTestContextBootstrapper -- Found @SpringBootConfiguration com.projeto.thymeleaf.basicintegrationthymeleafmvc.BasicIntegrationThymeleafMvcApplication for test class com.projeto.thymeleaf.basicintegrationthymeleafmvc.BasicIntegrationThymeleafMvcApplicationTests
17:49:38.715 [main] INFO org.springframework.boot.devtools.restart.RestartApplicationListener -- Restart disabled due to context in which it is running

  .   ____          _            __ _ _
 /\\ / ___'_ __ _ _(_)_ __  __ _ \ \ \ \
( ( )\___ | '_ | '_| | '_ \/ _` | \ \ \ \
 \\/  ___)| |_)| | | | | || (_| |  ) ) ) )
  '  |____| .__|_| |_|_| |_\__, | / / / /
 =========|_|==============|___/=/_/_/_/
 :: Spring Boot ::                (v3.1.8)

2025-04-24T17:49:39.280-03:00  INFO 14248 --- [           main] cIntegrationThymeleafMvcApplicationTests : Starting BasicIntegrationThymeleafMvcApplicationTests using Java 17.0.10 with PID 14248 (started by Ziza in C:\Desenvolvimento\projetos\basic-integration-thymeleaf-mvc)
2025-04-24T17:49:39.283-03:00  INFO 14248 --- [           main] cIntegrationThymeleafMvcApplicationTests : No active profile set, falling back to 1 default profile: "default"
2025-04-24T17:49:40.681-03:00  INFO 14248 --- [           main] .s.d.r.c.RepositoryConfigurationDelegate : Bootstrapping Spring Data JPA repositories in DEFAULT mode.
2025-04-24T17:49:40.730-03:00  INFO 14248 --- [           main] .s.d.r.c.RepositoryConfigurationDelegate : Finished Spring Data repository scanning in 33 ms. Found 0 JPA repository interfaces.
2025-04-24T17:49:41.707-03:00  INFO 14248 --- [           main] o.f.c.internal.license.VersionPrinter    : Flyway Community Edition 9.16.3 by Redgate
2025-04-24T17:49:41.708-03:00  INFO 14248 --- [           main] o.f.c.internal.license.VersionPrinter    : See release notes here: https://rd.gt/416ObMi
2025-04-24T17:49:41.708-03:00  INFO 14248 --- [           main] o.f.c.internal.license.VersionPrinter    : 
2025-04-24T17:49:41.722-03:00  INFO 14248 --- [           main] com.zaxxer.hikari.HikariDataSource       : HikariPool-1 - Starting...
2025-04-24T17:49:42.102-03:00  INFO 14248 --- [           main] com.zaxxer.hikari.pool.HikariPool        : HikariPool-1 - Added connection conn0: url=jdbc:h2:mem:testdb user=SA
2025-04-24T17:49:42.105-03:00  INFO 14248 --- [           main] com.zaxxer.hikari.HikariDataSource       : HikariPool-1 - Start completed.
2025-04-24T17:49:42.134-03:00  INFO 14248 --- [           main] o.f.c.i.database.base.BaseDatabaseType   : Database: jdbc:h2:mem:testdb (H2 2.1)
2025-04-24T17:49:42.234-03:00  INFO 14248 --- [           main] o.f.c.i.s.JdbcTableSchemaHistory         : Schema history table "PUBLIC"."flyway_schema_history" does not exist yet
2025-04-24T17:49:42.239-03:00  INFO 14248 --- [           main] o.f.core.internal.command.DbValidate     : Successfully validated 0 migrations (execution time 00:00.012s)
2025-04-24T17:49:42.240-03:00  WARN 14248 --- [           main] o.f.core.internal.command.DbValidate     : No migrations found. Are your locations set up correctly?
2025-04-24T17:49:42.255-03:00  INFO 14248 --- [           main] o.f.c.i.s.JdbcTableSchemaHistory         : Creating Schema History table "PUBLIC"."flyway_schema_history" ...
2025-04-24T17:49:42.323-03:00  INFO 14248 --- [           main] o.f.core.internal.command.DbMigrate      : Current version of schema "PUBLIC": << Empty Schema >>
2025-04-24T17:49:42.325-03:00  INFO 14248 --- [           main] o.f.core.internal.command.DbMigrate      : Schema "PUBLIC" is up to date. No migration necessary.
2025-04-24T17:49:42.598-03:00  INFO 14248 --- [           main] o.hibernate.jpa.internal.util.LogHelper  : HHH000204: Processing PersistenceUnitInfo [name: default]
2025-04-24T17:49:42.772-03:00  INFO 14248 --- [           main] org.hibernate.Version                    : HHH000412: Hibernate ORM core version 6.2.20.Final
2025-04-24T17:49:42.777-03:00  INFO 14248 --- [           main] org.hibernate.cfg.Environment            : HHH000406: Using bytecode reflection optimizer
2025-04-24T17:49:43.506-03:00  INFO 14248 --- [           main] o.s.o.j.p.SpringPersistenceUnitInfo      : No LoadTimeWeaver setup: ignoring JPA class transformer
2025-04-24T17:49:44.509-03:00  INFO 14248 --- [           main] o.h.e.t.j.p.i.JtaPlatformInitiator       : HHH000489: No JTA platform available (set 'hibernate.transaction.jta.platform' to enable JTA platform integration)
2025-04-24T17:49:44.523-03:00  INFO 14248 --- [           main] j.LocalContainerEntityManagerFactoryBean : Initialized JPA EntityManagerFactory for persistence unit 'default'
2025-04-24T17:49:44.951-03:00  WARN 14248 --- [           main] JpaBaseConfiguration$JpaWebConfiguration : spring.jpa.open-in-view is enabled by default. Therefore, database queries may be performed during view rendering. Explicitly configure spring.jpa.open-in-view to disable this warning
2025-04-24T17:49:45.730-03:00  WARN 14248 --- [           main] ion$DefaultTemplateResolverConfiguration : Cannot find template location: classpath:/templates/ (please add some templates, check your Thymeleaf configuration, or set spring.thymeleaf.check-template-location=false)
2025-04-24T17:49:45.889-03:00  INFO 14248 --- [           main] o.s.b.a.h2.H2ConsoleAutoConfiguration    : H2 console available at '/h2-console'. Database available at 'jdbc:h2:mem:testdb'
2025-04-24T17:49:45.958-03:00  INFO 14248 --- [           main] cIntegrationThymeleafMvcApplicationTests : Started BasicIntegrationThymeleafMvcApplicationTests in 7.273 seconds (process running for 9.729)
]]></system-out>
  </testcase>
</testsuite>